<?xml version="1.0" encoding="UTF-8"?>
<testsuite xmlns:xsi="http://www.w3.org/2001/XMLSchema-instance" xsi:noNamespaceSchemaLocation="https://maven.apache.org/surefire/maven-surefire-plugin/xsd/surefire-test-report-3.0.xsd" version="3.0" name="jenkins.JenkinsCalcTest" time="0.053" tests="1" errors="0" skipped="0" failures="0">
  <properties>
    <property name="java.specification.version" value="18"/>
    <property name="sun.jnu.encoding" value="UTF-8"/>
    <property name="java.class.path" value="/Users/maheshchannaveermagai/eclipse-workspace1/jenkins/target/test-classes:/Users/maheshchannaveermagai/eclipse-workspace1/jenkins/target/classes:/Users/maheshchannaveermagai/.m2/repository/junit/junit/4.13.2/junit-4.13.2.jar:/Users/maheshchannaveermagai/.m2/repository/org/hamcrest/hamcrest-core/1.3/hamcrest-core-1.3.jar:/Users/maheshchannaveermagai/.m2/repository/org/apache/maven/shared/maven-dependency-tree/2.2/maven-dependency-tree-2.2.jar:/Users/maheshchannaveermagai/.m2/repository/org/codehaus/plexus/plexus-component-annotations/1.5.5/plexus-component-annotations-1.5.5.jar:/Users/maheshchannaveermagai/.m2/repository/org/eclipse/aether/aether-util/0.9.0.M2/aether-util-0.9.0.M2.jar:/Users/maheshchannaveermagai/.m2/repository/org/sonatype/plexus/plexus-sec-dispatcher/1.4/plexus-sec-dispatcher-1.4.jar:/Users/maheshchannaveermagai/.m2/repository/org/sonatype/plexus/plexus-cipher/1.4/plexus-cipher-1.4.jar:/Users/maheshchannaveermagai/.m2/repository/org/codehaus/plexus/plexus-utils/3.0.22/plexus-utils-3.0.22.jar:/Users/maheshchannaveermagai/.m2/repository/org/sonarsource/scanner/api/sonar-scanner-api/2.6/sonar-scanner-api-2.6.jar:/Users/maheshchannaveermagai/.m2/repository/commons-lang/commons-lang/2.6/commons-lang-2.6.jar:/Users/maheshchannaveermagai/.m2/repository/com/google/guava/guava/18.0/guava-18.0.jar:/Users/maheshchannaveermagai/.m2/repository/com/google/code/findbugs/jsr305/2.0.3/jsr305-2.0.3.jar:"/>
    <property name="java.vm.vendor" value="Oracle Corporation"/>
    <property name="sun.arch.data.model" value="64"/>
    <property name="java.vendor.url" value="https://java.oracle.com/"/>
    <property name="os.name" value="Mac OS X"/>
    <property name="java.vm.specification.version" value="18"/>
    <property name="sun.java.launcher" value="SUN_STANDARD"/>
    <property name="user.country" value="IN"/>
    <property name="sun.boot.library.path" value="/Users/maheshchannaveermagai/Library/Java/JavaVirtualMachines/openjdk-18.0.2/Contents/Home/lib"/>
    <property name="sun.java.command" value="/Users/maheshchannaveermagai/eclipse-workspace1/jenkins/target/surefire/surefirebooter-20240111181326529_3.jar /Users/maheshchannaveermagai/eclipse-workspace1/jenkins/target/surefire 2024-01-11T18-13-26_445-jvmRun1 surefire-20240111181326529_1tmp surefire_0-20240111181326529_2tmp"/>
    <property name="http.nonProxyHosts" value="local|*.local|169.254/16|*.169.254/16"/>
    <property name="jdk.debug" value="release"/>
    <property name="surefire.test.class.path" value="/Users/maheshchannaveermagai/eclipse-workspace1/jenkins/target/test-classes:/Users/maheshchannaveermagai/eclipse-workspace1/jenkins/target/classes:/Users/maheshchannaveermagai/.m2/repository/junit/junit/4.13.2/junit-4.13.2.jar:/Users/maheshchannaveermagai/.m2/repository/org/hamcrest/hamcrest-core/1.3/hamcrest-core-1.3.jar:/Users/maheshchannaveermagai/.m2/repository/org/apache/maven/shared/maven-dependency-tree/2.2/maven-dependency-tree-2.2.jar:/Users/maheshchannaveermagai/.m2/repository/org/codehaus/plexus/plexus-component-annotations/1.5.5/plexus-component-annotations-1.5.5.jar:/Users/maheshchannaveermagai/.m2/repository/org/eclipse/aether/aether-util/0.9.0.M2/aether-util-0.9.0.M2.jar:/Users/maheshchannaveermagai/.m2/repository/org/sonatype/plexus/plexus-sec-dispatcher/1.4/plexus-sec-dispatcher-1.4.jar:/Users/maheshchannaveermagai/.m2/repository/org/sonatype/plexus/plexus-cipher/1.4/plexus-cipher-1.4.jar:/Users/maheshchannaveermagai/.m2/repository/org/codehaus/plexus/plexus-utils/3.0.22/plexus-utils-3.0.22.jar:/Users/maheshchannaveermagai/.m2/repository/org/sonarsource/scanner/api/sonar-scanner-api/2.6/sonar-scanner-api-2.6.jar:/Users/maheshchannaveermagai/.m2/repository/commons-lang/commons-lang/2.6/commons-lang-2.6.jar:/Users/maheshchannaveermagai/.m2/repository/com/google/guava/guava/18.0/guava-18.0.jar:/Users/maheshchannaveermagai/.m2/repository/com/google/code/findbugs/jsr305/2.0.3/jsr305-2.0.3.jar:"/>
    <property name="sun.cpu.endian" value="little"/>
    <property name="user.home" value="/Users/maheshchannaveermagai"/>
    <property name="user.language" value="en"/>
    <property name="java.specification.vendor" value="Oracle Corporation"/>
    <property name="java.version.date" value="2022-07-19"/>
    <property name="java.home" value="/Users/maheshchannaveermagai/Library/Java/JavaVirtualMachines/openjdk-18.0.2/Contents/Home"/>
    <property name="file.separator" value="/"/>
    <property name="basedir" value="/Users/maheshchannaveermagai/eclipse-workspace1/jenkins"/>
    <property name="java.vm.compressedOopsMode" value="Zero based"/>
    <property name="line.separator" value="&#10;"/>
    <property name="java.specification.name" value="Java Platform API Specification"/>
    <property name="java.vm.specification.vendor" value="Oracle Corporation"/>
    <property name="apple.awt.application.name" value="ForkedBooter"/>
    <property name="surefire.real.class.path" value="/Users/maheshchannaveermagai/eclipse-workspace1/jenkins/target/surefire/surefirebooter-20240111181326529_3.jar"/>
    <property name="sun.management.compiler" value="HotSpot 64-Bit Tiered Compilers"/>
    <property name="ftp.nonProxyHosts" value="local|*.local|169.254/16|*.169.254/16"/>
    <property name="java.runtime.version" value="18.0.2+9-61"/>
    <property name="user.name" value="maheshchannaveermagai"/>
    <property name="path.separator" value=":"/>
    <property name="os.version" value="14.2.1"/>
    <property name="java.runtime.name" value="OpenJDK Runtime Environment"/>
    <property name="file.encoding" value="UTF-8"/>
    <property name="java.vm.name" value="OpenJDK 64-Bit Server VM"/>
    <property name="localRepository" value="/Users/maheshchannaveermagai/.m2/repository"/>
    <property name="java.vendor.url.bug" value="https://bugreport.java.com/bugreport/"/>
    <property name="java.io.tmpdir" value="/var/folders/xl/1d1bwz1s0_d5hk2rffrpg0b80000gn/T/"/>
    <property name="java.version" value="18.0.2"/>
    <property name="user.dir" value="/Users/maheshchannaveermagai/eclipse-workspace1/jenkins"/>
    <property name="os.arch" value="x86_64"/>
    <property name="java.vm.specification.name" value="Java Virtual Machine Specification"/>
    <property name="native.encoding" value="UTF-8"/>
    <property name="java.library.path" value="/Users/maheshchannaveermagai/Library/Java/Extensions:/Library/Java/Extensions:/Network/Library/Java/Extensions:/System/Library/Java/Extensions:/usr/lib/java:."/>
    <property name="java.vm.info" value="mixed mode, sharing"/>
    <property name="java.vendor" value="Oracle Corporation"/>
    <property name="java.vm.version" value="18.0.2+9-61"/>
    <property name="sun.io.unicode.encoding" value="UnicodeBig"/>
    <property name="socksNonProxyHosts" value="local|*.local|169.254/16|*.169.254/16"/>
    <property name="java.class.version" value="62.0"/>
  </properties>
  <testcase name="addTest" classname="jenkins.JenkinsCalcTest" time="0.005">
    <system-out><![CDATA[xxxx
]]></system-out>
  </testcase>
</testsuite>